<?xml version="1.0" encoding="UTF-8"?>
<!-- Generated by org.testng.reporters.JUnitReportReporter -->
<testsuite hostname="Zahra" failures="0" tests="1" name="TestCases.TestAddNewCustomer" time="27.157" errors="0" timestamp="2024-09-08T00:38:04 EET" skipped="0">
  <testcase classname="TestCases.TestAddNewCustomer" name="CheckAddNewCustomer" time="27.157"/>
  <system-out/>
</testsuite> <!-- TestCases.TestAddNewCustomer -->
